[debug] [2021-09-02T00:43:47.217Z] ----------------------------------------------------------------------
[debug] [2021-09-02T00:43:47.219Z] Command:       C:\Program Files\nodejs\node.exe C:\Users\usuario\AppData\Roaming\npm\node_modules\firebase-tools\lib\bin\firebase.js init
[debug] [2021-09-02T00:43:47.219Z] CLI Version:   9.16.6
[debug] [2021-09-02T00:43:47.219Z] Platform:      win32
[debug] [2021-09-02T00:43:47.219Z] Node Version:  v14.17.5
[debug] [2021-09-02T00:43:47.220Z] Time:          Thu Sep 02 2021 02:43:47 GMT+0200 (hora de verano de Europa central)
[debug] [2021-09-02T00:43:47.220Z] ----------------------------------------------------------------------
[debug] 
[debug] [2021-09-02T00:43:47.276Z] > command requires scopes: ["email","openid","https://www.googleapis.com/auth/cloudplatformprojects.readonly","https://www.googleapis.com/auth/firebase","https://www.googleapis.com/auth/cloud-platform"]
[debug] [2021-09-02T00:43:47.276Z] > authorizing via signed-in user (industrialdesignoscar@gmail.com)
[info] 
     ######## #### ########  ######## ########     ###     ######  ########
     ##        ##  ##     ## ##       ##     ##  ##   ##  ##       ##
     ######    ##  ########  ######   ########  #########  ######  ######
     ##        ##  ##    ##  ##       ##     ## ##     ##       ## ##
     ##       #### ##     ## ######## ########  ##     ##  ######  ########

You're about to initialize a Firebase project in this directory:

  D:\Reactjs\gallery-designer

Before we get started, keep in mind:

  * You are initializing within an existing Firebase project directory

